-- Found ament_cmake: 1.3.9 (/opt/ros/humble/share/ament_cmake/cmake)
-- Override CMake install command with custom implementation using symlinks instead of copying resources
-- Found rclcpp: 16.0.9 (/opt/ros/humble/share/rclcpp/cmake)
-- Found rosidl_generator_c: 3.1.5 (/opt/ros/humble/share/rosidl_generator_c/cmake)
-- Found rosidl_adapter: 3.1.5 (/opt/ros/humble/share/rosidl_adapter/cmake)
-- Found rosidl_generator_cpp: 3.1.5 (/opt/ros/humble/share/rosidl_generator_cpp/cmake)
-- Using all available rosidl_typesupport_c: rosidl_typesupport_fastrtps_c;rosidl_typesupport_introspection_c
-- Using all available rosidl_typesupport_cpp: rosidl_typesupport_fastrtps_cpp;rosidl_typesupport_introspection_cpp
-- Found rmw_implementation_cmake: 6.1.2 (/opt/ros/humble/share/rmw_implementation_cmake/cmake)
-- Found rmw_fastrtps_cpp: 6.2.6 (/opt/ros/humble/share/rmw_fastrtps_cpp/cmake)
-- Using RMW implementation 'rmw_fastrtps_cpp' as default
-- Found ament_lint_auto: 0.12.11 (/opt/ros/humble/share/ament_lint_auto/cmake)
-- Added test 'cppcheck' to perform static code analysis on C / C++ code
-- Configured cppcheck include dirs: 
-- Configured cppcheck exclude dirs and/or files: 
-- Added test 'lint_cmake' to check CMake code style
-- Added test 'uncrustify' to check C / C++ code style
-- Configured uncrustify additional arguments: 
-- Added test 'xmllint' to check XML markup files
-- Configuring done
-- Generating done
-- Build files have been written to: /home/pdy/kdta_ws/build/simple_pkg_cpp
[ 25%] [32mBuilding CXX object CMakeFiles/helloworld.dir/src/helloworld.cpp.o[0m
[ 50%] [32m[1mLinking CXX executable helloworld[0m
[ 50%] Built target helloworld
[ 75%] [32mBuilding CXX object CMakeFiles/helloOpenCV.dir/src/helloOpenCV.cpp.o[0m
[01m[K/home/pdy/kdta_ws/src/simple_pkg_cpp/src/helloOpenCV.cpp:[m[K In function â€˜[01m[Kint main()[m[Kâ€™:
[01m[K/home/pdy/kdta_ws/src/simple_pkg_cpp/src/helloOpenCV.cpp:10:5:[m[K [01;31m[Kerror: [m[Kâ€˜[01m[Kwaitkey[m[Kâ€™ was not declared in this scope
   10 |     [01;31m[Kwaitkey[m[K(0);
      |     [01;31m[K^~~~~~~[m[K
gmake[2]: *** [CMakeFiles/helloOpenCV.dir/build.make:76: CMakeFiles/helloOpenCV.dir/src/helloOpenCV.cpp.o] Error 1
gmake[1]: *** [CMakeFiles/Makefile2:165: CMakeFiles/helloOpenCV.dir/all] Error 2
gmake: *** [Makefile:146: all] Error 2
