[0.016s] Invoking command in '/home/pdy/kdta_ws/build/simple_pkg_cpp': CMAKE_PREFIX_PATH=/opt/ros/humble /usr/bin/cmake /home/pdy/kdta_ws/src/simple_pkg_cpp -DAMENT_CMAKE_SYMLINK_INSTALL=1 -DCMAKE_INSTALL_PREFIX=/home/pdy/kdta_ws/install/simple_pkg_cpp
[0.081s] -- Found ament_cmake: 1.3.9 (/opt/ros/humble/share/ament_cmake/cmake)
[0.459s] -- Override CMake install command with custom implementation using symlinks instead of copying resources
[0.478s] -- Found rclcpp: 16.0.9 (/opt/ros/humble/share/rclcpp/cmake)
[0.583s] -- Found rosidl_generator_c: 3.1.5 (/opt/ros/humble/share/rosidl_generator_c/cmake)
[0.590s] -- Found rosidl_adapter: 3.1.5 (/opt/ros/humble/share/rosidl_adapter/cmake)
[0.605s] -- Found rosidl_generator_cpp: 3.1.5 (/opt/ros/humble/share/rosidl_generator_cpp/cmake)
[0.629s] -- Using all available rosidl_typesupport_c: rosidl_typesupport_fastrtps_c;rosidl_typesupport_introspection_c
[0.670s] -- Using all available rosidl_typesupport_cpp: rosidl_typesupport_fastrtps_cpp;rosidl_typesupport_introspection_cpp
[0.807s] -- Found rmw_implementation_cmake: 6.1.2 (/opt/ros/humble/share/rmw_implementation_cmake/cmake)
[0.811s] -- Found rmw_fastrtps_cpp: 6.2.6 (/opt/ros/humble/share/rmw_fastrtps_cpp/cmake)
[1.128s] -- Using RMW implementation 'rmw_fastrtps_cpp' as default
[1.766s] -- Found ament_lint_auto: 0.12.11 (/opt/ros/humble/share/ament_lint_auto/cmake)
[1.985s] -- Added test 'cppcheck' to perform static code analysis on C / C++ code
[1.986s] -- Configured cppcheck include dirs: 
[1.986s] -- Configured cppcheck exclude dirs and/or files: 
[1.987s] -- Added test 'lint_cmake' to check CMake code style
[1.989s] -- Added test 'uncrustify' to check C / C++ code style
[1.989s] -- Configured uncrustify additional arguments: 
[1.990s] -- Added test 'xmllint' to check XML markup files
[1.993s] -- Configuring done
[2.033s] -- Generating done
[2.034s] -- Build files have been written to: /home/pdy/kdta_ws/build/simple_pkg_cpp
[2.083s] Invoked command in '/home/pdy/kdta_ws/build/simple_pkg_cpp' returned '0': CMAKE_PREFIX_PATH=/opt/ros/humble /usr/bin/cmake /home/pdy/kdta_ws/src/simple_pkg_cpp -DAMENT_CMAKE_SYMLINK_INSTALL=1 -DCMAKE_INSTALL_PREFIX=/home/pdy/kdta_ws/install/simple_pkg_cpp
[2.085s] Invoking command in '/home/pdy/kdta_ws/build/simple_pkg_cpp': CMAKE_PREFIX_PATH=/opt/ros/humble /usr/bin/cmake --build /home/pdy/kdta_ws/build/simple_pkg_cpp -- -j2 -l2
[2.217s] [ 25%] [32mBuilding CXX object CMakeFiles/helloworld.dir/src/helloworld.cpp.o[0m
[3.109s] [ 50%] [32m[1mLinking CXX executable helloworld[0m
[3.379s] [ 50%] Built target helloworld
[3.426s] [ 75%] [32mBuilding CXX object CMakeFiles/helloOpenCV.dir/src/helloOpenCV.cpp.o[0m
[8.466s] [01m[K/home/pdy/kdta_ws/src/simple_pkg_cpp/src/helloOpenCV.cpp:[m[K In function â€˜[01m[Kint main()[m[Kâ€™:
[8.466s] [01m[K/home/pdy/kdta_ws/src/simple_pkg_cpp/src/helloOpenCV.cpp:10:5:[m[K [01;31m[Kerror: [m[Kâ€˜[01m[Kwaitkey[m[Kâ€™ was not declared in this scope
[8.466s]    10 |     [01;31m[Kwaitkey[m[K(0);
[8.466s]       |     [01;31m[K^~~~~~~[m[K
[10.716s] gmake[2]: *** [CMakeFiles/helloOpenCV.dir/build.make:76: CMakeFiles/helloOpenCV.dir/src/helloOpenCV.cpp.o] Error 1
[10.717s] gmake[1]: *** [CMakeFiles/Makefile2:165: CMakeFiles/helloOpenCV.dir/all] Error 2
[10.737s] gmake: *** [Makefile:146: all] Error 2
[10.737s] Invoked command in '/home/pdy/kdta_ws/build/simple_pkg_cpp' returned '2': CMAKE_PREFIX_PATH=/opt/ros/humble /usr/bin/cmake --build /home/pdy/kdta_ws/build/simple_pkg_cpp -- -j2 -l2
